2020-12-02 20:42:01 INFO   Fetch token API:27 - ********* Started TC001_CheckToken_success  **********
2020-12-02 20:42:07 INFO   Fetch token API:88 - *********  Finished TC001_CheckToken_success **********
2020-12-02 20:42:07 INFO   Fetch token API:56 - ********* Started TC001_CheckToken_success  **********
2020-12-02 20:42:08 INFO   Fetch token API:116 - *********  Finished TC002_TC002_TokenInvalidUser  **********
2020-12-02 20:42:08 INFO   Fetch token API:57 - ********* Started TC001_CheckToken_success  **********
2020-12-02 20:42:11 INFO   Fetch token API:108 - *********  Finished TC001_CheckToken_success **********
2020-12-02 20:42:11 INFO   Fetch token API:23 - ********* Started TC004_InvalidToken  **********
2020-12-02 20:42:12 INFO   Fetch token API:53 - *********  Finished TC004_InvalidToken **********
2020-12-02 20:46:42 INFO   Fetch token API:27 - ********* Started TC001_CheckToken_success  **********
2020-12-02 20:46:47 INFO   Fetch token API:88 - *********  Finished TC001_CheckToken_success **********
2020-12-02 20:46:47 INFO   Fetch token API:56 - ********* Started TC001_CheckToken_success  **********
2020-12-02 20:46:48 INFO   Fetch token API:116 - *********  Finished TC002_TC002_TokenInvalidUser  **********
2020-12-02 20:46:48 INFO   Fetch token API:57 - ********* Started TC001_CheckToken_success  **********
2020-12-02 20:46:52 INFO   Fetch token API:108 - *********  Finished TC001_CheckToken_success **********
2020-12-02 20:46:52 INFO   Fetch token API:23 - ********* Started TC004_InvalidToken  **********
2020-12-02 20:46:54 INFO   Fetch token API:53 - *********  Finished TC004_InvalidToken **********
2020-12-02 20:48:44 INFO   Fetch token API:27 - ********* Started TC001_CheckToken_success  **********
2020-12-02 20:48:53 INFO   Fetch token API:88 - *********  Finished TC001_CheckToken_success **********
2020-12-02 20:48:53 INFO   Fetch token API:56 - ********* Started TC001_CheckToken_success  **********
2020-12-02 20:48:54 INFO   Fetch token API:116 - *********  Finished TC002_TC002_TokenInvalidUser  **********
2020-12-02 20:48:54 INFO   Fetch token API:57 - ********* Started TC001_CheckToken_success  **********
2020-12-02 20:49:02 INFO   Fetch token API:108 - *********  Finished TC001_CheckToken_success **********
2020-12-02 20:49:02 INFO   Fetch token API:23 - ********* Started TC004_InvalidToken  **********
2020-12-02 20:49:04 INFO   Fetch token API:53 - *********  Finished TC004_InvalidToken **********
2020-12-02 20:49:23 INFO   Fetch token API:27 - ********* Started TC001_CheckToken_success  **********
2020-12-02 20:49:29 INFO   Fetch token API:88 - *********  Finished TC001_CheckToken_success **********
2020-12-02 20:49:29 INFO   Fetch token API:56 - ********* Started TC001_CheckToken_success  **********
2020-12-02 20:49:31 INFO   Fetch token API:116 - *********  Finished TC002_TC002_TokenInvalidUser  **********
2020-12-02 20:49:31 INFO   Fetch token API:57 - ********* Started TC001_CheckToken_success  **********
2020-12-02 20:49:33 INFO   Fetch token API:108 - *********  Finished TC001_CheckToken_success **********
2020-12-02 20:49:33 INFO   Fetch token API:23 - ********* Started TC004_InvalidToken  **********
2020-12-02 20:49:35 INFO   Fetch token API:53 - *********  Finished TC004_InvalidToken **********
2020-12-02 20:50:21 INFO   Fetch token API:27 - ********* Started TC001_CheckToken_success  **********
2020-12-02 20:50:26 INFO   Fetch token API:88 - *********  Finished TC001_CheckToken_success **********
2020-12-02 20:50:26 INFO   Fetch token API:56 - ********* Started TC001_CheckToken_success  **********
2020-12-02 20:50:30 INFO   Fetch token API:116 - *********  Finished TC002_TC002_TokenInvalidUser  **********
2020-12-02 20:50:30 INFO   Fetch token API:57 - ********* Started TC001_CheckToken_success  **********
2020-12-02 20:50:35 INFO   Fetch token API:108 - *********  Finished TC001_CheckToken_success **********
2020-12-02 20:50:35 INFO   Fetch token API:23 - ********* Started TC004_InvalidToken  **********
2020-12-02 20:50:37 INFO   Fetch token API:53 - *********  Finished TC004_InvalidToken **********
